# JRE version: OpenJDK Runtime Environment (24.0.1+9) (build 24.0.1+9-30)
# Java VM: OpenJDK 64-Bit Server VM (24.0.1+9-30, mixed mode, emulated-client, sharing, tiered, compressed oops, compressed class ptrs, g1 gc, windows-amd64)
GC Precious Log:
 CardTable entry size: 512
 Card Set container configuration: InlinePtr #cards 4 size 8 Array Of Cards #cards 16 size 48 Howl #buckets 8 coarsen threshold 3686 Howl Bitmap #cards 512 size 80 coarsen threshold 460 Card regions per heap region 1 cards per card region 4096
 CPUs: 16 total, 16 available
 Memory: 16202M
 Large Page Support: Disabled
 NUMA Support: Disabled
 Compressed Oops: Enabled (Zero based)
 Heap Region Size: 2M
 Heap Min Capacity: 8M
 Heap Initial Capacity: 254M
 Heap Max Capacity: 4052M
 Pre-touch: Disabled
 Parallel Workers: 13
 Concurrent Workers: 3
 Concurrent Refinement Workers: 13
 Periodic GC: Disabled
Heap:
 garbage-first heap   total reserved 4149248K, committed 86016K, used 57387K [0x0000000702c00000, 0x0000000800000000)
  region size 2048K, 10 young (20480K), 3 survivors (6144K)
 Metaspace       used 85666K, committed 86528K, reserved 1179648K
  class space    used 10187K, committed 10560K, reserved 1048576K
GC Heap History (20 events):
Event: 2.984 GC heap before
{Heap before GC invocations=7 (full 0):
 garbage-first heap   total reserved 4149248K, committed 71680K, used 27702K [0x0000000702c00000, 0x0000000800000000)
  region size 2048K, 5 young (10240K), 3 survivors (6144K)
 Metaspace       used 35624K, committed 36096K, reserved 1114112K
  class space    used 4143K, committed 4352K, reserved 1048576K
}
Event: 2.988 GC heap after
{Heap after GC invocations=8 (full 0):
 garbage-first heap   total reserved 4149248K, committed 86016K, used 25953K [0x0000000702c00000, 0x0000000800000000)
  region size 2048K, 2 young (4096K), 2 survivors (4096K)
 Metaspace       used 35624K, committed 36096K, reserved 1114112K
  class space    used 4143K, committed 4352K, reserved 1048576K
}
Event: 3.612 GC heap before
{Heap before GC invocations=9 (full 0):
 garbage-first heap   total reserved 4149248K, committed 86016K, used 66913K [0x0000000702c00000, 0x0000000800000000)
  region size 2048K, 22 young (45056K), 2 survivors (4096K)
 Metaspace       used 47113K, committed 47680K, reserved 1114112K
  class space    used 5328K, committed 5568K, reserved 1048576K
}
Event: 3.615 GC heap after
{Heap after GC invocations=10 (full 0):
 garbage-first heap   total reserved 4149248K, committed 86016K, used 28586K [0x0000000702c00000, 0x0000000800000000)
  region size 2048K, 3 young (6144K), 3 survivors (6144K)
 Metaspace       used 47113K, committed 47680K, reserved 1114112K
  class space    used 5328K, committed 5568K, reserved 1048576K
}
Event: 4.357 GC heap before
{Heap before GC invocations=10 (full 0):
 garbage-first heap   total reserved 4149248K, committed 86016K, used 67498K [0x0000000702c00000, 0x0000000800000000)
  region size 2048K, 23 young (47104K), 3 survivors (6144K)
 Metaspace       used 58361K, committed 58944K, reserved 1114112K
  class space    used 6557K, committed 6784K, reserved 1048576K
}
Event: 4.363 GC heap after
{Heap after GC invocations=11 (full 0):
 garbage-first heap   total reserved 4149248K, committed 86016K, used 29760K [0x0000000702c00000, 0x0000000800000000)
  region size 2048K, 3 young (6144K), 3 survivors (6144K)
 Metaspace       used 58361K, committed 58944K, reserved 1114112K
  class space    used 6557K, committed 6784K, reserved 1048576K
}
Event: 4.460 GC heap before
{Heap before GC invocations=11 (full 0):
 garbage-first heap   total reserved 4149248K, committed 86016K, used 35904K [0x0000000702c00000, 0x0000000800000000)
  region size 2048K, 7 young (14336K), 3 survivors (6144K)
 Metaspace       used 59833K, committed 60416K, reserved 1114112K
  class space    used 6734K, committed 6976K, reserved 1048576K
}
Event: 4.463 GC heap after
{Heap after GC invocations=12 (full 0):
 garbage-first heap   total reserved 4149248K, committed 86016K, used 30752K [0x0000000702c00000, 0x0000000800000000)
  region size 2048K, 2 young (4096K), 2 survivors (4096K)
 Metaspace       used 59833K, committed 60416K, reserved 1114112K
  class space    used 6734K, committed 6976K, reserved 1048576K
}
Event: 4.982 GC heap before
{Heap before GC invocations=13 (full 0):
 garbage-first heap   total reserved 4149248K, committed 86016K, used 73760K [0x0000000702c00000, 0x0000000800000000)
  region size 2048K, 23 young (47104K), 2 survivors (4096K)
 Metaspace       used 65924K, committed 66496K, reserved 1114112K
  class space    used 7474K, committed 7744K, reserved 1048576K
}
Event: 4.985 GC heap after
{Heap after GC invocations=14 (full 0):
 garbage-first heap   total reserved 4149248K, committed 86016K, used 33130K [0x0000000702c00000, 0x0000000800000000)
  region size 2048K, 3 young (6144K), 3 survivors (6144K)
 Metaspace       used 65924K, committed 66496K, reserved 1114112K
  class space    used 7474K, committed 7744K, reserved 1048576K
}
Event: 5.376 GC heap before
{Heap before GC invocations=14 (full 0):
 garbage-first heap   total reserved 4149248K, committed 86016K, used 72042K [0x0000000702c00000, 0x0000000800000000)
  region size 2048K, 22 young (45056K), 3 survivors (6144K)
 Metaspace       used 68429K, committed 69056K, reserved 1114112K
  class space    used 7823K, committed 8064K, reserved 1048576K
}
Event: 5.382 GC heap after
{Heap after GC invocations=15 (full 0):
 garbage-first heap   total reserved 4149248K, committed 86016K, used 35650K [0x0000000702c00000, 0x0000000800000000)
  region size 2048K, 3 young (6144K), 3 survivors (6144K)
 Metaspace       used 68429K, committed 69056K, reserved 1114112K
  class space    used 7823K, committed 8064K, reserved 1048576K
}
Event: 5.752 GC heap before
{Heap before GC invocations=15 (full 0):
 garbage-first heap   total reserved 4149248K, committed 86016K, used 72514K [0x0000000702c00000, 0x0000000800000000)
  region size 2048K, 21 young (43008K), 3 survivors (6144K)
 Metaspace       used 71229K, committed 71936K, reserved 1114112K
  class space    used 8235K, committed 8576K, reserved 1048576K
}
Event: 5.757 GC heap after
{Heap after GC invocations=16 (full 0):
 garbage-first heap   total reserved 4149248K, committed 86016K, used 38172K [0x0000000702c00000, 0x0000000800000000)
  region size 2048K, 3 young (6144K), 3 survivors (6144K)
 Metaspace       used 71229K, committed 71936K, reserved 1114112K
  class space    used 8235K, committed 8576K, reserved 1048576K
}
Event: 6.100 GC heap before
{Heap before GC invocations=16 (full 0):
 garbage-first heap   total reserved 4149248K, committed 86016K, used 72988K [0x0000000702c00000, 0x0000000800000000)
  region size 2048K, 20 young (40960K), 3 survivors (6144K)
 Metaspace       used 74470K, committed 75136K, reserved 1179648K
  class space    used 8837K, committed 9088K, reserved 1048576K
}
Event: 6.105 GC heap after
{Heap after GC invocations=17 (full 0):
 garbage-first heap   total reserved 4149248K, committed 86016K, used 40326K [0x0000000702c00000, 0x0000000800000000)
  region size 2048K, 3 young (6144K), 3 survivors (6144K)
 Metaspace       used 74470K, committed 75136K, reserved 1179648K
  class space    used 8837K, committed 9088K, reserved 1048576K
}
Event: 6.455 GC heap before
{Heap before GC invocations=18 (full 0):
 garbage-first heap   total reserved 4149248K, committed 86016K, used 68998K [0x0000000702c00000, 0x0000000800000000)
  region size 2048K, 18 young (36864K), 3 survivors (6144K)
 Metaspace       used 78764K, committed 79552K, reserved 1179648K
  class space    used 9330K, committed 9664K, reserved 1048576K
}
Event: 6.460 GC heap after
{Heap after GC invocations=19 (full 0):
 garbage-first heap   total reserved 4149248K, committed 86016K, used 41543K [0x0000000702c00000, 0x0000000800000000)
  region size 2048K, 2 young (4096K), 2 survivors (4096K)
 Metaspace       used 78764K, committed 79552K, reserved 1179648K
  class space    used 9330K, committed 9664K, reserved 1048576K
}
Event: 13.413 GC heap before
{Heap before GC invocations=19 (full 0):
 garbage-first heap   total reserved 4149248K, committed 86016K, used 72263K [0x0000000702c00000, 0x0000000800000000)
  region size 2048K, 18 young (36864K), 2 survivors (4096K)
 Metaspace       used 84546K, committed 85312K, reserved 1179648K
  class space    used 10044K, committed 10368K, reserved 1048576K
}
Event: 13.421 GC heap after
{Heap after GC invocations=20 (full 0):
 garbage-first heap   total reserved 4149248K, committed 86016K, used 45099K [0x0000000702c00000, 0x0000000800000000)
  region size 2048K, 3 young (6144K), 3 survivors (6144K)
 Metaspace       used 84546K, committed 85312K, reserved 1179648K
  class space    used 10044K, committed 10368K, reserved 1048576K
}

